16:24:23.325 [main] INFO  StepDefinitions.StepDefnition - Browser is initialized
"16:24:30.083 [main] INFO  StepDefinitions.StepDefnition - URL is launched
"16:24:30.327 [main] INFO  StepDefinitions.StepDefnition - Sign-in started
"16:24:30.450 [main] INFO  Actions.ActionUtilities - In click action id is functioned 
"16:24:30.450 [main] INFO  StepDefinitions.StepDefnition - sign-up link is clicked
"16:24:30.551 [main] ERROR Actions.ActionUtilities - In click action id is not functioned 
"16:24:30.551 [main] INFO  Actions.ActionUtilities - In click action id is functioned 
"16:24:33.551 [main] INFO  StepDefinitions.StepDefnition - sign-up username is clicked
"16:24:33.612 [main] INFO  Actions.ActionUtilities - In clear action id is functioned 
"16:24:36.612 [main] INFO  StepDefinitions.StepDefnition - sign-up username is cleared
"16:24:37.014 [main] INFO  Actions.ActionUtilities - In sendkeys action id is functioned 
"16:24:40.014 [main] INFO  StepDefinitions.StepDefnition - sign-up username is entered
"16:24:40.141 [main] INFO  Actions.ActionUtilities - In click action id is functioned 
"16:24:43.143 [main] INFO  StepDefinitions.StepDefnition - sign-up password is clicked
"16:24:43.205 [main] INFO  Actions.ActionUtilities - In clear action id is functioned 
"16:24:46.206 [main] INFO  StepDefinitions.StepDefnition - sign-up password is cleared
"16:24:46.456 [main] INFO  Actions.ActionUtilities - In sendkeys action id is functioned 
"16:24:49.457 [main] INFO  StepDefinitions.StepDefnition - sign-up password is entered
"16:24:49.561 [main] INFO  Actions.ActionUtilities - In click action xpath is functioned 
"16:24:52.562 [main] INFO  StepDefinitions.StepDefnition - sign-up button is clicked
"16:24:55.571 [main] INFO  StepDefinitions.StepDefnition - sign-in session ended
"16:24:55.578 [main] INFO  StepDefinitions.StepDefnition - Sign-in started
"16:24:55.646 [main] INFO  Actions.ActionUtilities - In click action id is functioned 
"16:24:55.646 [main] INFO  StepDefinitions.StepDefnition - sign-up link is clicked
"16:24:55.691 [main] ERROR Actions.ActionUtilities - In click action id is not functioned 
"16:24:55.692 [main] INFO  Actions.ActionUtilities - In click action id is functioned 
"16:24:58.693 [main] INFO  StepDefinitions.StepDefnition - sign-up username is clicked
"16:24:58.743 [main] INFO  Actions.ActionUtilities - In clear action id is functioned 
"16:25:01.745 [main] INFO  StepDefinitions.StepDefnition - sign-up username is cleared
"16:25:02.078 [main] INFO  Actions.ActionUtilities - In sendkeys action id is functioned 
"16:25:05.078 [main] INFO  StepDefinitions.StepDefnition - sign-up username is entered
"16:25:05.132 [main] INFO  Actions.ActionUtilities - In click action id is functioned 
"16:25:08.132 [main] INFO  StepDefinitions.StepDefnition - sign-up password is clicked
"16:25:08.223 [main] INFO  Actions.ActionUtilities - In clear action id is functioned 
"16:25:11.223 [main] INFO  StepDefinitions.StepDefnition - sign-up password is cleared
"16:25:11.494 [main] INFO  Actions.ActionUtilities - In sendkeys action id is functioned 
"16:25:14.495 [main] INFO  StepDefinitions.StepDefnition - sign-up password is entered
"16:25:14.587 [main] INFO  Actions.ActionUtilities - In click action xpath is functioned 
"16:25:17.588 [main] INFO  StepDefinitions.StepDefnition - sign-up button is clicked
"16:25:20.602 [main] INFO  StepDefinitions.StepDefnition - sign-in session ended
"16:25:20.609 [main] INFO  StepDefinitions.StepDefnition - Log-in started
"16:25:20.826 [main] INFO  Actions.ActionUtilities - In newtab action id is functioned 
"16:25:20.826 [main] INFO  StepDefinitions.StepDefnition - log-in link is clicked
"16:25:20.885 [main] ERROR Actions.ActionUtilities - In click action id is not functioned 
"16:25:20.885 [main] INFO  Actions.ActionUtilities - In click action id is functioned 
"16:25:23.886 [main] INFO  StepDefinitions.StepDefnition - log-in username is clicked
"16:25:23.975 [main] INFO  Actions.ActionUtilities - In clear action id is functioned 
"16:25:26.975 [main] INFO  StepDefinitions.StepDefnition - log-in username is cleared
"16:25:27.246 [main] INFO  Actions.ActionUtilities - In sendkeys action id is functioned 
"16:25:30.246 [main] INFO  StepDefinitions.StepDefnition - log-in username is entered
"16:25:30.324 [main] INFO  Actions.ActionUtilities - In click action id is functioned 
"16:25:33.325 [main] INFO  StepDefinitions.StepDefnition - log-in password is clicked
"16:25:33.378 [main] INFO  Actions.ActionUtilities - In clear action id is functioned 
"16:25:36.379 [main] INFO  StepDefinitions.StepDefnition - log-in password is cleared
"16:25:36.594 [main] INFO  Actions.ActionUtilities - In sendkeys action id is functioned 
"16:25:39.594 [main] INFO  StepDefinitions.StepDefnition - log-in password is entered
"16:25:39.701 [main] INFO  Actions.ActionUtilities - In click action xpath is functioned 
"16:25:42.702 [main] INFO  StepDefinitions.StepDefnition - log-in button is clicked
"16:25:43.194 [main] INFO  Actions.ActionUtilities - In click action id is functioned 
"16:25:46.195 [main] INFO  StepDefinitions.StepDefnition - log-out button is clicked
"16:25:46.199 [main] INFO  StepDefinitions.StepDefnition - Log-in started
"16:25:46.383 [main] INFO  Actions.ActionUtilities - In newtab action id is functioned 
"16:25:46.383 [main] INFO  StepDefinitions.StepDefnition - log-in link is clicked
"16:25:46.434 [main] ERROR Actions.ActionUtilities - In click action id is not functioned 
"16:25:46.435 [main] INFO  Actions.ActionUtilities - In click action id is functioned 
"16:25:49.436 [main] INFO  StepDefinitions.StepDefnition - log-in username is clicked
"16:25:49.481 [main] INFO  Actions.ActionUtilities - In clear action id is functioned 
"16:25:52.483 [main] INFO  StepDefinitions.StepDefnition - log-in username is cleared
"16:25:52.781 [main] INFO  Actions.ActionUtilities - In sendkeys action id is functioned 
"16:25:55.782 [main] INFO  StepDefinitions.StepDefnition - log-in username is entered
"16:25:55.862 [main] INFO  Actions.ActionUtilities - In click action id is functioned 
"16:25:58.862 [main] INFO  StepDefinitions.StepDefnition - log-in password is clicked
"16:25:58.930 [main] INFO  Actions.ActionUtilities - In clear action id is functioned 
"16:26:01.931 [main] INFO  StepDefinitions.StepDefnition - log-in password is cleared
"16:26:02.157 [main] INFO  Actions.ActionUtilities - In sendkeys action id is functioned 
"16:26:05.158 [main] INFO  StepDefinitions.StepDefnition - log-in password is entered
"16:26:05.253 [main] INFO  Actions.ActionUtilities - In click action xpath is functioned 
"16:26:08.254 [main] INFO  StepDefinitions.StepDefnition - log-in button is clicked
"16:26:08.513 [main] INFO  Actions.ActionUtilities - In click action id is functioned 
"16:26:11.513 [main] INFO  StepDefinitions.StepDefnition - log-out button is clicked
"16:26:24.335 [main] INFO  StepDefinitions.StepDefnition - Sign-in started
"16:26:24.500 [main] INFO  Actions.ActionUtilities - In click action id is functioned 
"16:26:24.500 [main] INFO  StepDefinitions.StepDefnition - sign-up link is clicked
"16:26:24.551 [main] ERROR Actions.ActionUtilities - In click action id is not functioned 
"16:26:24.551 [main] INFO  Actions.ActionUtilities - In click action id is functioned 
"16:26:27.552 [main] INFO  StepDefinitions.StepDefnition - sign-up username is clicked
"16:26:27.594 [main] INFO  Actions.ActionUtilities - In clear action id is functioned 
"16:26:30.595 [main] INFO  StepDefinitions.StepDefnition - sign-up username is cleared
"16:26:30.881 [main] INFO  Actions.ActionUtilities - In sendkeys action id is functioned 
"16:26:33.881 [main] INFO  StepDefinitions.StepDefnition - sign-up username is entered
"16:26:33.957 [main] INFO  Actions.ActionUtilities - In click action id is functioned 
"16:26:36.957 [main] INFO  StepDefinitions.StepDefnition - sign-up password is clicked
"16:26:37.016 [main] INFO  Actions.ActionUtilities - In clear action id is functioned 
"16:26:37.016 [main] INFO  StepDefinitions.StepDefnition - sign-up password is cleared
"16:26:37.230 [main] INFO  Actions.ActionUtilities - In sendkeys action id is functioned 
"16:26:40.230 [main] INFO  StepDefinitions.StepDefnition - sign-up password is entered
"16:26:40.325 [main] INFO  Actions.ActionUtilities - In click action xpath is functioned 
"16:26:43.326 [main] INFO  StepDefinitions.StepDefnition - sign-up button is clicked
"16:26:46.396 [main] INFO  StepDefinitions.StepDefnition - sign-in session ended
"16:26:46.418 [main] INFO  StepDefinitions.StepDefnition - Log-in started
"16:26:46.656 [main] INFO  Actions.ActionUtilities - In newtab action id is functioned 
"16:26:46.657 [main] INFO  StepDefinitions.StepDefnition - log-in link is clicked
"16:26:46.718 [main] ERROR Actions.ActionUtilities - In click action id is not functioned 
"16:26:46.718 [main] INFO  Actions.ActionUtilities - In click action id is functioned 
"16:26:49.719 [main] INFO  StepDefinitions.StepDefnition - log-in username is clicked
"16:26:49.767 [main] INFO  Actions.ActionUtilities - In clear action id is functioned 
"16:26:52.768 [main] INFO  StepDefinitions.StepDefnition - log-in username is cleared
"16:26:53.013 [main] INFO  Actions.ActionUtilities - In sendkeys action id is functioned 
"16:26:56.013 [main] INFO  StepDefinitions.StepDefnition - log-in username is entered
"16:26:56.112 [main] INFO  Actions.ActionUtilities - In click action id is functioned 
"16:26:59.113 [main] INFO  StepDefinitions.StepDefnition - log-in password is clicked
"16:26:59.193 [main] INFO  Actions.ActionUtilities - In clear action id is functioned 
"16:27:02.194 [main] INFO  StepDefinitions.StepDefnition - log-in password is cleared
"16:27:02.429 [main] INFO  Actions.ActionUtilities - In sendkeys action id is functioned 
"16:27:05.430 [main] INFO  StepDefinitions.StepDefnition - log-in password is entered
"16:27:05.502 [main] INFO  Actions.ActionUtilities - In click action xpath is functioned 
"16:27:08.503 [main] INFO  StepDefinitions.StepDefnition - log-in button is clicked
"16:27:09.122 [main] INFO  Actions.ActionUtilities - In click action xpath is functioned 
"16:27:12.122 [main] INFO  StepDefinitions.StepDefnition - Product is selected
"16:27:12.201 [main] INFO  Actions.ActionUtilities - In click action xpath is functioned 
"16:27:15.203 [main] INFO  StepDefinitions.StepDefnition - Addcart button is clicked
"16:27:18.212 [main] INFO  StepDefinitions.StepDefnition - alert accept
"16:27:19.204 [main] INFO  Actions.ActionUtilities - In click action id is functioned 
"16:27:22.205 [main] INFO  StepDefinitions.StepDefnition - Cart link is clicked
"16:27:22.276 [main] INFO  Actions.ActionUtilities - In click action xpath is functioned 
"16:27:25.276 [main] INFO  StepDefinitions.StepDefnition - PlaceOrder button is clicked
"16:27:25.380 [main] INFO  Actions.ActionUtilities - In click action id is functioned 
"16:27:28.381 [main] INFO  StepDefinitions.StepDefnition - PlaceOrder username is clicked
"16:27:28.609 [main] INFO  Actions.ActionUtilities - In sendkeys action id is functioned 
"16:27:31.609 [main] INFO  StepDefinitions.StepDefnition - PlaceOrder username is entered
"16:27:31.706 [main] INFO  Actions.ActionUtilities - In click action id is functioned 
"16:27:34.706 [main] INFO  StepDefinitions.StepDefnition - PlaceOrder country is clicked
"16:27:34.922 [main] INFO  Actions.ActionUtilities - In sendkeys action id is functioned 
"16:27:37.922 [main] INFO  StepDefinitions.StepDefnition - PlaceOrder country is entered
"16:27:38.037 [main] INFO  Actions.ActionUtilities - In click action id is functioned 
"16:27:41.037 [main] INFO  StepDefinitions.StepDefnition - PlaceOrder city is clicked
"16:27:41.288 [main] INFO  Actions.ActionUtilities - In sendkeys action id is functioned 
"16:27:44.288 [main] INFO  StepDefinitions.StepDefnition - PlaceOrder city is entered
"16:27:44.303 [main] ERROR Actions.ActionUtilities -   click action is not functioned 
"16:27:44.303 [main] INFO  Actions.ActionUtilities -   click action is functioned 
"16:27:47.305 [main] INFO  StepDefinitions.StepDefnition - PlaceOrder creditcard is clicked
"16:27:47.597 [main] INFO  Actions.ActionUtilities - In sendkeys action id is functioned 
"16:27:50.597 [main] INFO  StepDefinitions.StepDefnition - PlaceOrder creditcard is entered
"16:27:50.668 [main] INFO  Actions.ActionUtilities - In click action id is functioned 
"16:27:53.668 [main] INFO  StepDefinitions.StepDefnition - PlaceOrder month is clicked
"16:27:53.904 [main] INFO  Actions.ActionUtilities - In sendkeys action id is functioned 
"16:27:56.905 [main] INFO  StepDefinitions.StepDefnition - PlaceOrder month is entered
"16:27:57.010 [main] INFO  Actions.ActionUtilities - In click action id is functioned 
"16:28:00.010 [main] INFO  StepDefinitions.StepDefnition - PlaceOrder year is clicked
"16:28:00.200 [main] INFO  Actions.ActionUtilities - In sendkeys action id is functioned 
"16:28:03.201 [main] INFO  StepDefinitions.StepDefnition - PlaceOrder year is entered
"16:28:03.293 [main] INFO  Actions.ActionUtilities - In click action xpath is functioned 
"16:28:06.293 [main] INFO  StepDefinitions.StepDefnition - Purchase button is clicked
"16:28:09.295 [main] INFO  StepDefinitions.StepDefnition - Product has been scheduled for shipping
"16:28:10.011 [main] INFO  Actions.ActionUtilities - In click action xpath is functioned 
"16:35:12.305 [main] INFO  StepDefinitions.StepDefnition - Browser is initialized
"16:35:15.560 [main] INFO  StepDefinitions.StepDefnition - URL is launched
"16:35:15.781 [main] INFO  StepDefinitions.StepDefnition - Sign-in started
"16:35:16.006 [main] INFO  Actions.ActionUtilities - In click action id is functioned 
"16:35:16.006 [main] INFO  StepDefinitions.StepDefnition - sign-up link is clicked
"16:35:16.073 [main] ERROR Actions.ActionUtilities - In click action id is not functioned 
"16:35:16.073 [main] INFO  Actions.ActionUtilities - In click action id is functioned 
"16:35:19.073 [main] INFO  StepDefinitions.StepDefnition - sign-up username is clicked
"16:35:19.131 [main] INFO  Actions.ActionUtilities - In clear action id is functioned 
"16:35:22.132 [main] INFO  StepDefinitions.StepDefnition - sign-up username is cleared
"16:35:22.549 [main] INFO  Actions.ActionUtilities - In sendkeys action id is functioned 
"16:35:25.549 [main] INFO  StepDefinitions.StepDefnition - sign-up username is entered
"16:35:25.665 [main] INFO  Actions.ActionUtilities - In click action id is functioned 
"16:35:28.665 [main] INFO  StepDefinitions.StepDefnition - sign-up password is clicked
"16:35:28.751 [main] INFO  Actions.ActionUtilities - In clear action id is functioned 
"16:35:31.753 [main] INFO  StepDefinitions.StepDefnition - sign-up password is cleared
"16:35:31.997 [main] INFO  Actions.ActionUtilities - In sendkeys action id is functioned 
"16:35:34.998 [main] INFO  StepDefinitions.StepDefnition - sign-up password is entered
"16:35:35.085 [main] INFO  Actions.ActionUtilities - In click action xpath is functioned 
"16:35:38.086 [main] INFO  StepDefinitions.StepDefnition - sign-up button is clicked
"16:35:41.104 [main] INFO  StepDefinitions.StepDefnition - sign-in session ended
"16:35:41.112 [main] INFO  StepDefinitions.StepDefnition - Sign-in started
"16:35:41.183 [main] INFO  Actions.ActionUtilities - In click action id is functioned 
"16:35:41.183 [main] INFO  StepDefinitions.StepDefnition - sign-up link is clicked
"16:35:41.229 [main] ERROR Actions.ActionUtilities - In click action id is not functioned 
"16:35:41.229 [main] INFO  Actions.ActionUtilities - In click action id is functioned 
"16:35:44.229 [main] INFO  StepDefinitions.StepDefnition - sign-up username is clicked
"16:35:44.290 [main] INFO  Actions.ActionUtilities - In clear action id is functioned 
"16:35:47.291 [main] INFO  StepDefinitions.StepDefnition - sign-up username is cleared
"16:35:47.627 [main] INFO  Actions.ActionUtilities - In sendkeys action id is functioned 
"16:35:50.628 [main] INFO  StepDefinitions.StepDefnition - sign-up username is entered
"16:35:50.694 [main] INFO  Actions.ActionUtilities - In click action id is functioned 
"16:35:53.696 [main] INFO  StepDefinitions.StepDefnition - sign-up password is clicked
"16:35:53.741 [main] INFO  Actions.ActionUtilities - In clear action id is functioned 
"16:35:56.741 [main] INFO  StepDefinitions.StepDefnition - sign-up password is cleared
"16:35:57.026 [main] INFO  Actions.ActionUtilities - In sendkeys action id is functioned 
"16:36:00.026 [main] INFO  StepDefinitions.StepDefnition - sign-up password is entered
"16:36:00.106 [main] INFO  Actions.ActionUtilities - In click action xpath is functioned 
"16:36:03.107 [main] INFO  StepDefinitions.StepDefnition - sign-up button is clicked
"16:36:06.117 [main] INFO  StepDefinitions.StepDefnition - sign-in session ended
"16:36:06.132 [main] INFO  StepDefinitions.StepDefnition - Log-in started
"16:36:06.358 [main] INFO  Actions.ActionUtilities - In newtab action id is functioned 
"16:36:06.358 [main] INFO  StepDefinitions.StepDefnition - log-in link is clicked
"16:36:06.415 [main] ERROR Actions.ActionUtilities - In click action id is not functioned 
"16:36:06.415 [main] INFO  Actions.ActionUtilities - In click action id is functioned 
"16:36:09.415 [main] INFO  StepDefinitions.StepDefnition - log-in username is clicked
"16:36:09.491 [main] INFO  Actions.ActionUtilities - In clear action id is functioned 
"16:36:12.492 [main] INFO  StepDefinitions.StepDefnition - log-in username is cleared
"16:36:12.743 [main] INFO  Actions.ActionUtilities - In sendkeys action id is functioned 
"16:36:15.745 [main] INFO  StepDefinitions.StepDefnition - log-in username is entered
"16:36:15.850 [main] INFO  Actions.ActionUtilities - In click action id is functioned 
"16:36:18.850 [main] INFO  StepDefinitions.StepDefnition - log-in password is clicked
"16:36:18.926 [main] INFO  Actions.ActionUtilities - In clear action id is functioned 
"16:36:21.927 [main] INFO  StepDefinitions.StepDefnition - log-in password is cleared
"16:36:22.159 [main] INFO  Actions.ActionUtilities - In sendkeys action id is functioned 
"16:36:25.161 [main] INFO  StepDefinitions.StepDefnition - log-in password is entered
"16:36:25.241 [main] INFO  Actions.ActionUtilities - In click action xpath is functioned 
"16:36:28.243 [main] INFO  StepDefinitions.StepDefnition - log-in button is clicked
"16:36:28.848 [main] INFO  Actions.ActionUtilities - In click action id is functioned 
"16:36:31.849 [main] INFO  StepDefinitions.StepDefnition - log-out button is clicked
"16:36:31.853 [main] INFO  StepDefinitions.StepDefnition - Log-in started
"16:36:32.076 [main] INFO  Actions.ActionUtilities - In newtab action id is functioned 
"16:36:32.077 [main] INFO  StepDefinitions.StepDefnition - log-in link is clicked
"16:36:32.128 [main] ERROR Actions.ActionUtilities - In click action id is not functioned 
"16:36:32.129 [main] INFO  Actions.ActionUtilities - In click action id is functioned 
"16:36:35.130 [main] INFO  StepDefinitions.StepDefnition - log-in username is clicked
"16:36:35.191 [main] INFO  Actions.ActionUtilities - In clear action id is functioned 
"16:36:38.191 [main] INFO  StepDefinitions.StepDefnition - log-in username is cleared
"16:36:38.443 [main] INFO  Actions.ActionUtilities - In sendkeys action id is functioned 
"16:36:41.444 [main] INFO  StepDefinitions.StepDefnition - log-in username is entered
"16:36:41.553 [main] INFO  Actions.ActionUtilities - In click action id is functioned 
"16:36:44.554 [main] INFO  StepDefinitions.StepDefnition - log-in password is clicked
"16:36:44.610 [main] INFO  Actions.ActionUtilities - In clear action id is functioned 
"16:36:47.610 [main] INFO  StepDefinitions.StepDefnition - log-in password is cleared
"16:36:47.858 [main] INFO  Actions.ActionUtilities - In sendkeys action id is functioned 
"16:36:50.858 [main] INFO  StepDefinitions.StepDefnition - log-in password is entered
"16:36:50.962 [main] INFO  Actions.ActionUtilities - In click action xpath is functioned 
"16:36:53.962 [main] INFO  StepDefinitions.StepDefnition - log-in button is clicked
"16:36:54.165 [main] INFO  Actions.ActionUtilities - In click action id is functioned 
"16:36:57.166 [main] INFO  StepDefinitions.StepDefnition - log-out button is clicked
"16:37:11.075 [main] INFO  StepDefinitions.StepDefnition - Sign-in started
"16:37:11.215 [main] INFO  Actions.ActionUtilities - In click action id is functioned 
"16:37:11.216 [main] INFO  StepDefinitions.StepDefnition - sign-up link is clicked
"16:37:11.283 [main] ERROR Actions.ActionUtilities - In click action id is not functioned 
"16:37:11.283 [main] INFO  Actions.ActionUtilities - In click action id is functioned 
"16:37:14.284 [main] INFO  StepDefinitions.StepDefnition - sign-up username is clicked
"16:37:14.333 [main] INFO  Actions.ActionUtilities - In clear action id is functioned 
"16:37:17.333 [main] INFO  StepDefinitions.StepDefnition - sign-up username is cleared
"16:37:17.659 [main] INFO  Actions.ActionUtilities - In sendkeys action id is functioned 
"16:37:20.659 [main] INFO  StepDefinitions.StepDefnition - sign-up username is entered
"16:37:20.747 [main] INFO  Actions.ActionUtilities - In click action id is functioned 
"16:37:23.747 [main] INFO  StepDefinitions.StepDefnition - sign-up password is clicked
"16:37:23.795 [main] INFO  Actions.ActionUtilities - In clear action id is functioned 
"16:37:23.795 [main] INFO  StepDefinitions.StepDefnition - sign-up password is cleared
"16:37:24.004 [main] INFO  Actions.ActionUtilities - In sendkeys action id is functioned 
"16:37:27.004 [main] INFO  StepDefinitions.StepDefnition - sign-up password is entered
"16:37:27.097 [main] INFO  Actions.ActionUtilities - In click action xpath is functioned 
"16:37:30.098 [main] INFO  StepDefinitions.StepDefnition - sign-up button is clicked
"16:37:33.112 [main] INFO  StepDefinitions.StepDefnition - sign-in session ended
"16:37:33.122 [main] INFO  StepDefinitions.StepDefnition - Log-in started
"16:37:33.318 [main] INFO  Actions.ActionUtilities - In newtab action id is functioned 
"16:37:33.318 [main] INFO  StepDefinitions.StepDefnition - log-in link is clicked
"16:37:33.386 [main] ERROR Actions.ActionUtilities - In click action id is not functioned 
"16:37:33.386 [main] INFO  Actions.ActionUtilities - In click action id is functioned 
"16:37:36.387 [main] INFO  StepDefinitions.StepDefnition - log-in username is clicked
"16:37:36.449 [main] INFO  Actions.ActionUtilities - In clear action id is functioned 
"16:37:39.449 [main] INFO  StepDefinitions.StepDefnition - log-in username is cleared
"16:37:39.715 [main] INFO  Actions.ActionUtilities - In sendkeys action id is functioned 
"16:37:42.715 [main] INFO  StepDefinitions.StepDefnition - log-in username is entered
"16:37:42.807 [main] INFO  Actions.ActionUtilities - In click action id is functioned 
"16:37:45.808 [main] INFO  StepDefinitions.StepDefnition - log-in password is clicked
"16:37:45.868 [main] INFO  Actions.ActionUtilities - In clear action id is functioned 
"16:37:48.869 [main] INFO  StepDefinitions.StepDefnition - log-in password is cleared
"16:37:49.105 [main] INFO  Actions.ActionUtilities - In sendkeys action id is functioned 
"16:37:52.107 [main] INFO  StepDefinitions.StepDefnition - log-in password is entered
"16:37:52.194 [main] INFO  Actions.ActionUtilities - In click action xpath is functioned 
"16:37:55.195 [main] INFO  StepDefinitions.StepDefnition - log-in button is clicked
"16:37:55.810 [main] INFO  Actions.ActionUtilities - In click action xpath is functioned 
"16:37:58.811 [main] INFO  StepDefinitions.StepDefnition - Product is selected
"16:37:58.939 [main] INFO  Actions.ActionUtilities - In click action xpath is functioned 
"16:38:01.939 [main] INFO  StepDefinitions.StepDefnition - Addcart button is clicked
"16:38:04.948 [main] INFO  StepDefinitions.StepDefnition - alert accept
"16:38:05.750 [main] INFO  Actions.ActionUtilities - In click action id is functioned 
"16:38:08.751 [main] INFO  StepDefinitions.StepDefnition - Cart link is clicked
"16:38:08.846 [main] INFO  Actions.ActionUtilities - In click action xpath is functioned 
"16:38:11.846 [main] INFO  StepDefinitions.StepDefnition - PlaceOrder button is clicked
"16:38:11.946 [main] INFO  Actions.ActionUtilities - In click action id is functioned 
"16:38:14.947 [main] INFO  StepDefinitions.StepDefnition - PlaceOrder username is clicked
"16:38:15.196 [main] INFO  Actions.ActionUtilities - In sendkeys action id is functioned 
"16:38:18.196 [main] INFO  StepDefinitions.StepDefnition - PlaceOrder username is entered
"16:38:18.299 [main] INFO  Actions.ActionUtilities - In click action id is functioned 
"16:38:21.299 [main] INFO  StepDefinitions.StepDefnition - PlaceOrder country is clicked
"16:38:21.509 [main] INFO  Actions.ActionUtilities - In sendkeys action id is functioned 
"16:38:24.510 [main] INFO  StepDefinitions.StepDefnition - PlaceOrder country is entered
"16:38:24.615 [main] INFO  Actions.ActionUtilities - In click action id is functioned 
"16:38:27.616 [main] INFO  StepDefinitions.StepDefnition - PlaceOrder city is clicked
"16:38:27.867 [main] INFO  Actions.ActionUtilities - In sendkeys action id is functioned 
"16:38:30.871 [main] INFO  StepDefinitions.StepDefnition - PlaceOrder city is entered
"16:38:30.875 [main] ERROR Actions.ActionUtilities -   click action is not functioned 
"16:38:30.875 [main] INFO  Actions.ActionUtilities -   click action is functioned 
"16:38:33.875 [main] INFO  StepDefinitions.StepDefnition - PlaceOrder creditcard is clicked
"16:38:34.162 [main] INFO  Actions.ActionUtilities - In sendkeys action id is functioned 
"16:38:37.163 [main] INFO  StepDefinitions.StepDefnition - PlaceOrder creditcard is entered
"16:38:37.251 [main] INFO  Actions.ActionUtilities - In click action id is functioned 
"16:38:40.252 [main] INFO  StepDefinitions.StepDefnition - PlaceOrder month is clicked
"16:38:40.464 [main] INFO  Actions.ActionUtilities - In sendkeys action id is functioned 
"16:38:43.464 [main] INFO  StepDefinitions.StepDefnition - PlaceOrder month is entered
"16:38:43.568 [main] INFO  Actions.ActionUtilities - In click action id is functioned 
"16:38:46.568 [main] INFO  StepDefinitions.StepDefnition - PlaceOrder year is clicked
"16:38:46.782 [main] INFO  Actions.ActionUtilities - In sendkeys action id is functioned 
"16:38:49.783 [main] INFO  StepDefinitions.StepDefnition - PlaceOrder year is entered
"16:38:49.985 [main] INFO  Actions.ActionUtilities - In click action xpath is functioned 
"16:38:52.986 [main] INFO  StepDefinitions.StepDefnition - Purchase button is clicked
"16:38:55.989 [main] INFO  StepDefinitions.StepDefnition - Product has been scheduled for shipping
"16:38:56.743 [main] INFO  Actions.ActionUtilities - In click action xpath is functioned 
"16:45:12.196 [main] INFO  StepDefinitions.StepDefnition - Browser is initialized
"16:45:15.812 [main] INFO  StepDefinitions.StepDefnition - URL is launched
"16:45:15.981 [main] INFO  StepDefinitions.StepDefnition - Sign-in started
"16:45:17.937 [main] INFO  Actions.ActionUtilities - In click action id is functioned 
"16:45:17.937 [main] INFO  StepDefinitions.StepDefnition - sign-up link is clicked
"16:45:18.666 [main] INFO  Actions.ActionUtilities - In click action id is functioned 
"16:45:21.666 [main] INFO  StepDefinitions.StepDefnition - sign-up username is clicked
"16:45:21.730 [main] INFO  Actions.ActionUtilities - In clear action id is functioned 
"16:45:24.730 [main] INFO  StepDefinitions.StepDefnition - sign-up username is cleared
"16:45:25.088 [main] INFO  Actions.ActionUtilities - In sendkeys action id is functioned 
"16:45:28.088 [main] INFO  StepDefinitions.StepDefnition - sign-up username is entered
"16:45:28.200 [main] INFO  Actions.ActionUtilities - In click action id is functioned 
"16:45:31.202 [main] INFO  StepDefinitions.StepDefnition - sign-up password is clicked
"16:45:31.279 [main] INFO  Actions.ActionUtilities - In clear action id is functioned 
"16:45:34.282 [main] INFO  StepDefinitions.StepDefnition - sign-up password is cleared
"16:45:34.531 [main] INFO  Actions.ActionUtilities - In sendkeys action id is functioned 
"16:45:37.531 [main] INFO  StepDefinitions.StepDefnition - sign-up password is entered
"16:45:37.610 [main] INFO  Actions.ActionUtilities - In click action xpath is functioned 
"16:45:40.611 [main] INFO  StepDefinitions.StepDefnition - sign-up button is clicked
"16:45:43.630 [main] INFO  StepDefinitions.StepDefnition - sign-in session ended
"16:45:43.635 [main] INFO  StepDefinitions.StepDefnition - Sign-in started
"16:45:43.704 [main] INFO  Actions.ActionUtilities - In click action id is functioned 
"16:45:43.704 [main] INFO  StepDefinitions.StepDefnition - sign-up link is clicked
"16:45:43.774 [main] ERROR Actions.ActionUtilities - In click action id is not functioned 
"16:45:43.774 [main] INFO  Actions.ActionUtilities - In click action id is functioned 
"16:45:46.775 [main] INFO  StepDefinitions.StepDefnition - sign-up username is clicked
"16:45:46.844 [main] INFO  Actions.ActionUtilities - In clear action id is functioned 
"16:45:49.846 [main] INFO  StepDefinitions.StepDefnition - sign-up username is cleared
"16:45:50.158 [main] INFO  Actions.ActionUtilities - In sendkeys action id is functioned 
"16:45:53.158 [main] INFO  StepDefinitions.StepDefnition - sign-up username is entered
"16:45:53.260 [main] INFO  Actions.ActionUtilities - In click action id is functioned 
"16:45:56.261 [main] INFO  StepDefinitions.StepDefnition - sign-up password is clicked
"16:45:56.309 [main] INFO  Actions.ActionUtilities - In clear action id is functioned 
"16:45:59.309 [main] INFO  StepDefinitions.StepDefnition - sign-up password is cleared
"16:45:59.555 [main] INFO  Actions.ActionUtilities - In sendkeys action id is functioned 
"16:46:02.555 [main] INFO  StepDefinitions.StepDefnition - sign-up password is entered
"16:46:02.606 [main] INFO  Actions.ActionUtilities - In click action xpath is functioned 
"16:46:05.606 [main] INFO  StepDefinitions.StepDefnition - sign-up button is clicked
"16:46:08.614 [main] INFO  StepDefinitions.StepDefnition - sign-in session ended
"16:46:08.621 [main] INFO  StepDefinitions.StepDefnition - Log-in started
"16:46:08.842 [main] INFO  Actions.ActionUtilities - In newtab action id is functioned 
"16:46:08.842 [main] INFO  StepDefinitions.StepDefnition - log-in link is clicked
"16:46:09.069 [main] ERROR Actions.ActionUtilities - In click action id is not functioned 
"16:46:09.069 [main] INFO  Actions.ActionUtilities - In click action id is functioned 
"16:46:12.069 [main] INFO  StepDefinitions.StepDefnition - log-in username is clicked
"16:46:12.155 [main] INFO  Actions.ActionUtilities - In clear action id is functioned 
"16:46:15.156 [main] INFO  StepDefinitions.StepDefnition - log-in username is cleared
"16:46:15.389 [main] INFO  Actions.ActionUtilities - In sendkeys action id is functioned 
"16:46:18.391 [main] INFO  StepDefinitions.StepDefnition - log-in username is entered
"16:46:18.468 [main] INFO  Actions.ActionUtilities - In click action id is functioned 
"16:46:21.469 [main] INFO  StepDefinitions.StepDefnition - log-in password is clicked
"16:46:21.514 [main] INFO  Actions.ActionUtilities - In clear action id is functioned 
"16:46:24.515 [main] INFO  StepDefinitions.StepDefnition - log-in password is cleared
"16:46:24.794 [main] INFO  Actions.ActionUtilities - In sendkeys action id is functioned 
"16:46:27.796 [main] INFO  StepDefinitions.StepDefnition - log-in password is entered
"16:46:27.891 [main] INFO  Actions.ActionUtilities - In click action xpath is functioned 
"16:46:30.892 [main] INFO  StepDefinitions.StepDefnition - log-in button is clicked
"16:46:31.447 [main] INFO  Actions.ActionUtilities - In click action id is functioned 
"16:46:34.447 [main] INFO  StepDefinitions.StepDefnition - log-out button is clicked
"16:46:34.455 [main] INFO  StepDefinitions.StepDefnition - Log-in started
"16:46:34.711 [main] INFO  Actions.ActionUtilities - In newtab action id is functioned 
"16:46:34.711 [main] INFO  StepDefinitions.StepDefnition - log-in link is clicked
"16:46:34.792 [main] ERROR Actions.ActionUtilities - In click action id is not functioned 
"16:46:34.792 [main] INFO  Actions.ActionUtilities - In click action id is functioned 
"16:46:37.794 [main] INFO  StepDefinitions.StepDefnition - log-in username is clicked
"16:46:37.837 [main] INFO  Actions.ActionUtilities - In clear action id is functioned 
"16:46:40.838 [main] INFO  StepDefinitions.StepDefnition - log-in username is cleared
"16:46:41.108 [main] INFO  Actions.ActionUtilities - In sendkeys action id is functioned 
"16:46:44.108 [main] INFO  StepDefinitions.StepDefnition - log-in username is entered
"16:46:44.210 [main] INFO  Actions.ActionUtilities - In click action id is functioned 
"16:46:47.211 [main] INFO  StepDefinitions.StepDefnition - log-in password is clicked
"16:46:47.256 [main] INFO  Actions.ActionUtilities - In clear action id is functioned 
"16:46:50.256 [main] INFO  StepDefinitions.StepDefnition - log-in password is cleared
"16:46:50.463 [main] INFO  Actions.ActionUtilities - In sendkeys action id is functioned 
"16:46:53.464 [main] INFO  StepDefinitions.StepDefnition - log-in password is entered
"16:46:53.565 [main] INFO  Actions.ActionUtilities - In click action xpath is functioned 
"16:46:56.566 [main] INFO  StepDefinitions.StepDefnition - log-in button is clicked
"16:46:56.764 [main] INFO  Actions.ActionUtilities - In click action id is functioned 
"16:46:59.765 [main] INFO  StepDefinitions.StepDefnition - log-out button is clicked
"16:47:14.609 [main] INFO  StepDefinitions.StepDefnition - Sign-in started
"16:47:14.844 [main] INFO  Actions.ActionUtilities - In click action id is functioned 
"16:47:14.844 [main] INFO  StepDefinitions.StepDefnition - sign-up link is clicked
"16:47:15.440 [main] INFO  Actions.ActionUtilities - In click action id is functioned 
"16:47:18.441 [main] INFO  StepDefinitions.StepDefnition - sign-up username is clicked
"16:47:18.488 [main] INFO  Actions.ActionUtilities - In clear action id is functioned 
"16:47:21.489 [main] INFO  StepDefinitions.StepDefnition - sign-up username is cleared
"16:47:21.786 [main] INFO  Actions.ActionUtilities - In sendkeys action id is functioned 
"16:47:24.787 [main] INFO  StepDefinitions.StepDefnition - sign-up username is entered
"16:47:24.854 [main] INFO  Actions.ActionUtilities - In click action id is functioned 
"16:47:27.855 [main] INFO  StepDefinitions.StepDefnition - sign-up password is clicked
"16:47:27.899 [main] INFO  Actions.ActionUtilities - In clear action id is functioned 
"16:47:27.899 [main] INFO  StepDefinitions.StepDefnition - sign-up password is cleared
"16:47:28.108 [main] INFO  Actions.ActionUtilities - In sendkeys action id is functioned 
"16:47:31.108 [main] INFO  StepDefinitions.StepDefnition - sign-up password is entered
"16:47:31.207 [main] INFO  Actions.ActionUtilities - In click action xpath is functioned 
"16:47:34.207 [main] INFO  StepDefinitions.StepDefnition - sign-up button is clicked
"16:47:37.223 [main] INFO  StepDefinitions.StepDefnition - sign-in session ended
"16:47:37.226 [main] INFO  StepDefinitions.StepDefnition - Log-in started
"16:47:37.428 [main] INFO  Actions.ActionUtilities - In newtab action id is functioned 
"16:47:37.428 [main] INFO  StepDefinitions.StepDefnition - log-in link is clicked
"16:47:37.483 [main] ERROR Actions.ActionUtilities - In click action id is not functioned 
"16:47:37.483 [main] INFO  Actions.ActionUtilities - In click action id is functioned 
"16:47:40.483 [main] INFO  StepDefinitions.StepDefnition - log-in username is clicked
"16:47:40.528 [main] INFO  Actions.ActionUtilities - In clear action id is functioned 
"16:47:43.529 [main] INFO  StepDefinitions.StepDefnition - log-in username is cleared
"16:47:43.774 [main] INFO  Actions.ActionUtilities - In sendkeys action id is functioned 
"16:47:46.775 [main] INFO  StepDefinitions.StepDefnition - log-in username is entered
"16:47:46.894 [main] INFO  Actions.ActionUtilities - In click action id is functioned 
"16:47:49.894 [main] INFO  StepDefinitions.StepDefnition - log-in password is clicked
"16:47:49.944 [main] INFO  Actions.ActionUtilities - In clear action id is functioned 
"16:47:52.944 [main] INFO  StepDefinitions.StepDefnition - log-in password is cleared
"16:47:53.181 [main] INFO  Actions.ActionUtilities - In sendkeys action id is functioned 
"16:47:56.182 [main] INFO  StepDefinitions.StepDefnition - log-in password is entered
"16:47:56.260 [main] INFO  Actions.ActionUtilities - In click action xpath is functioned 
"16:47:59.260 [main] INFO  StepDefinitions.StepDefnition - log-in button is clicked
"16:48:00.063 [main] INFO  Actions.ActionUtilities - In click action xpath is functioned 
"16:48:03.063 [main] INFO  StepDefinitions.StepDefnition - Product is selected
"16:48:03.189 [main] INFO  Actions.ActionUtilities - In click action xpath is functioned 
"16:48:06.191 [main] INFO  StepDefinitions.StepDefnition - Addcart button is clicked
"16:48:09.197 [main] INFO  StepDefinitions.StepDefnition - alert accept
"16:48:10.503 [main] INFO  Actions.ActionUtilities - In click action id is functioned 
"16:48:13.504 [main] INFO  StepDefinitions.StepDefnition - Cart link is clicked
"16:48:13.590 [main] INFO  Actions.ActionUtilities - In click action xpath is functioned 
"16:48:16.590 [main] INFO  StepDefinitions.StepDefnition - PlaceOrder button is clicked
"16:48:16.675 [main] INFO  Actions.ActionUtilities - In click action id is functioned 
"16:48:19.675 [main] INFO  StepDefinitions.StepDefnition - PlaceOrder username is clicked
"16:48:19.896 [main] INFO  Actions.ActionUtilities - In sendkeys action id is functioned 
"16:48:22.897 [main] INFO  StepDefinitions.StepDefnition - PlaceOrder username is entered
"16:48:22.970 [main] INFO  Actions.ActionUtilities - In click action id is functioned 
"16:48:25.970 [main] INFO  StepDefinitions.StepDefnition - PlaceOrder country is clicked
"16:48:26.191 [main] INFO  Actions.ActionUtilities - In sendkeys action id is functioned 
"16:48:29.193 [main] INFO  StepDefinitions.StepDefnition - PlaceOrder country is entered
"16:48:29.309 [main] INFO  Actions.ActionUtilities - In click action id is functioned 
"16:48:32.309 [main] INFO  StepDefinitions.StepDefnition - PlaceOrder city is clicked
"16:48:32.525 [main] INFO  Actions.ActionUtilities - In sendkeys action id is functioned 
"16:48:35.525 [main] INFO  StepDefinitions.StepDefnition - PlaceOrder city is entered
"16:48:35.529 [main] ERROR Actions.ActionUtilities -   click action is not functioned 
"16:48:35.529 [main] INFO  Actions.ActionUtilities -   click action is functioned 
"16:48:38.530 [main] INFO  StepDefinitions.StepDefnition - PlaceOrder creditcard is clicked
"16:48:38.809 [main] INFO  Actions.ActionUtilities - In sendkeys action id is functioned 
"16:48:41.810 [main] INFO  StepDefinitions.StepDefnition - PlaceOrder creditcard is entered
"16:48:41.940 [main] INFO  Actions.ActionUtilities - In click action id is functioned 
"16:48:44.942 [main] INFO  StepDefinitions.StepDefnition - PlaceOrder month is clicked
"16:48:45.162 [main] INFO  Actions.ActionUtilities - In sendkeys action id is functioned 
"16:48:48.162 [main] INFO  StepDefinitions.StepDefnition - PlaceOrder month is entered
"16:48:48.237 [main] INFO  Actions.ActionUtilities - In click action id is functioned 
"16:48:51.238 [main] INFO  StepDefinitions.StepDefnition - PlaceOrder year is clicked
"16:48:51.443 [main] INFO  Actions.ActionUtilities - In sendkeys action id is functioned 
"16:48:54.443 [main] INFO  StepDefinitions.StepDefnition - PlaceOrder year is entered
"16:48:54.525 [main] INFO  Actions.ActionUtilities - In click action xpath is functioned 
"16:48:57.525 [main] INFO  StepDefinitions.StepDefnition - Purchase button is clicked
"16:49:00.529 [main] INFO  StepDefinitions.StepDefnition - Product has been scheduled for shipping
"16:49:01.315 [main] INFO  Actions.ActionUtilities - In click action xpath is functioned 
"17:19:08.475 [main] INFO  StepDefinitions.StepDefnition - Browser is initialized
"17:19:10.933 [main] INFO  StepDefinitions.StepDefnition - URL is launched
"17:19:11.109 [main] INFO  StepDefinitions.StepDefnition - Sign-in started
"17:19:11.515 [main] INFO  Actions.ActionUtilities - In click action id is functioned 
"17:19:11.515 [main] INFO  StepDefinitions.StepDefnition - sign-up link is clicked
"17:19:11.612 [main] ERROR Actions.ActionUtilities - In click action id is not functioned 
"17:19:11.613 [main] INFO  Actions.ActionUtilities - In click action id is functioned 
"17:19:14.613 [main] INFO  StepDefinitions.StepDefnition - sign-up username is clicked
"17:19:14.663 [main] INFO  Actions.ActionUtilities - In clear action id is functioned 
"17:19:17.664 [main] INFO  StepDefinitions.StepDefnition - sign-up username is cleared
"17:19:18.068 [main] INFO  Actions.ActionUtilities - In sendkeys action id is functioned 
"17:19:21.068 [main] INFO  StepDefinitions.StepDefnition - sign-up username is entered
"17:19:21.170 [main] INFO  Actions.ActionUtilities - In click action id is functioned 
"17:19:24.170 [main] INFO  StepDefinitions.StepDefnition - sign-up password is clicked
"17:19:24.235 [main] INFO  Actions.ActionUtilities - In clear action id is functioned 
"17:19:27.236 [main] INFO  StepDefinitions.StepDefnition - sign-up password is cleared
"17:19:27.589 [main] INFO  Actions.ActionUtilities - In sendkeys action id is functioned 
"17:19:30.591 [main] INFO  StepDefinitions.StepDefnition - sign-up password is entered
"17:19:30.680 [main] INFO  Actions.ActionUtilities - In click action xpath is functioned 
"17:19:33.680 [main] INFO  StepDefinitions.StepDefnition - sign-up button is clicked
"17:19:36.692 [main] INFO  StepDefinitions.StepDefnition - sign-in session ended
"17:19:36.697 [main] INFO  StepDefinitions.StepDefnition - Sign-in started
"17:19:36.770 [main] INFO  Actions.ActionUtilities - In click action id is functioned 
"17:19:36.770 [main] INFO  StepDefinitions.StepDefnition - sign-up link is clicked
"17:19:36.838 [main] ERROR Actions.ActionUtilities - In click action id is not functioned 
"17:19:36.838 [main] INFO  Actions.ActionUtilities - In click action id is functioned 
"17:19:39.839 [main] INFO  StepDefinitions.StepDefnition - sign-up username is clicked
"17:19:39.892 [main] INFO  Actions.ActionUtilities - In clear action id is functioned 
"17:19:42.892 [main] INFO  StepDefinitions.StepDefnition - sign-up username is cleared
"17:19:43.190 [main] INFO  Actions.ActionUtilities - In sendkeys action id is functioned 
"17:19:46.192 [main] INFO  StepDefinitions.StepDefnition - sign-up username is entered
"17:19:46.268 [main] INFO  Actions.ActionUtilities - In click action id is functioned 
"17:19:49.268 [main] INFO  StepDefinitions.StepDefnition - sign-up password is clicked
"17:19:49.311 [main] INFO  Actions.ActionUtilities - In clear action id is functioned 
"17:19:52.315 [main] INFO  StepDefinitions.StepDefnition - sign-up password is cleared
"17:19:52.549 [main] INFO  Actions.ActionUtilities - In sendkeys action id is functioned 
"17:19:55.550 [main] INFO  StepDefinitions.StepDefnition - sign-up password is entered
"17:19:55.631 [main] INFO  Actions.ActionUtilities - In click action xpath is functioned 
"17:19:58.632 [main] INFO  StepDefinitions.StepDefnition - sign-up button is clicked
"17:20:01.641 [main] INFO  StepDefinitions.StepDefnition - sign-in session ended
"17:20:01.647 [main] INFO  StepDefinitions.StepDefnition - Log-in started
"17:20:01.716 [main] INFO  Actions.ActionUtilities - In click action id is functioned 
"17:20:01.716 [main] INFO  StepDefinitions.StepDefnition - log-in link is clicked
"17:20:01.782 [main] ERROR Actions.ActionUtilities - In click action id is not functioned 
"17:20:01.783 [main] INFO  Actions.ActionUtilities - In click action id is functioned 
"17:20:04.784 [main] INFO  StepDefinitions.StepDefnition - log-in username is clicked
"17:20:04.831 [main] INFO  Actions.ActionUtilities - In clear action id is functioned 
"17:20:07.831 [main] INFO  StepDefinitions.StepDefnition - log-in username is cleared
"17:20:08.085 [main] INFO  Actions.ActionUtilities - In sendkeys action id is functioned 
"17:20:11.085 [main] INFO  StepDefinitions.StepDefnition - log-in username is entered
"17:20:11.220 [main] INFO  Actions.ActionUtilities - In click action id is functioned 
"17:20:14.221 [main] INFO  StepDefinitions.StepDefnition - log-in password is clicked
"17:20:14.279 [main] INFO  Actions.ActionUtilities - In clear action id is functioned 
"17:20:17.279 [main] INFO  StepDefinitions.StepDefnition - log-in password is cleared
"17:20:17.487 [main] INFO  Actions.ActionUtilities - In sendkeys action id is functioned 
"17:20:20.488 [main] INFO  StepDefinitions.StepDefnition - log-in password is entered
"17:20:20.569 [main] INFO  Actions.ActionUtilities - In click action xpath is functioned 
"17:20:23.569 [main] INFO  StepDefinitions.StepDefnition - log-in button is clicked
"17:20:24.253 [main] INFO  Actions.ActionUtilities - In click action id is functioned 
"17:20:27.254 [main] INFO  StepDefinitions.StepDefnition - log-out button is clicked
"17:20:27.258 [main] INFO  StepDefinitions.StepDefnition - Log-in started
"17:20:27.465 [main] INFO  Actions.ActionUtilities - In click action id is functioned 
"17:20:27.465 [main] INFO  StepDefinitions.StepDefnition - log-in link is clicked
"17:20:27.688 [main] ERROR Actions.ActionUtilities - In click action id is not functioned 
"17:20:27.689 [main] INFO  Actions.ActionUtilities - In click action id is functioned 
"17:20:30.690 [main] INFO  StepDefinitions.StepDefnition - log-in username is clicked
"17:20:30.783 [main] INFO  Actions.ActionUtilities - In clear action id is functioned 
"17:20:33.784 [main] INFO  StepDefinitions.StepDefnition - log-in username is cleared
"17:20:34.085 [main] INFO  Actions.ActionUtilities - In sendkeys action id is functioned 
"17:20:37.090 [main] INFO  StepDefinitions.StepDefnition - log-in username is entered
"17:20:37.186 [main] INFO  Actions.ActionUtilities - In click action id is functioned 
"17:20:40.186 [main] INFO  StepDefinitions.StepDefnition - log-in password is clicked
"17:20:40.286 [main] INFO  Actions.ActionUtilities - In clear action id is functioned 
"17:20:43.287 [main] INFO  StepDefinitions.StepDefnition - log-in password is cleared
"17:20:43.518 [main] INFO  Actions.ActionUtilities - In sendkeys action id is functioned 
"17:20:46.519 [main] INFO  StepDefinitions.StepDefnition - log-in password is entered
"17:20:46.612 [main] INFO  Actions.ActionUtilities - In click action xpath is functioned 
"17:20:49.613 [main] INFO  StepDefinitions.StepDefnition - log-in button is clicked
"17:20:49.820 [main] INFO  Actions.ActionUtilities - In click action id is functioned 
"17:20:52.821 [main] INFO  StepDefinitions.StepDefnition - log-out button is clicked
"17:21:05.230 [main] INFO  StepDefinitions.StepDefnition - Sign-in started
"17:21:05.991 [main] INFO  Actions.ActionUtilities - In click action id is functioned 
"17:21:05.991 [main] INFO  StepDefinitions.StepDefnition - sign-up link is clicked
"17:21:06.779 [main] INFO  Actions.ActionUtilities - In click action id is functioned 
"17:21:09.780 [main] INFO  StepDefinitions.StepDefnition - sign-up username is clicked
"17:21:09.827 [main] INFO  Actions.ActionUtilities - In clear action id is functioned 
"17:21:12.829 [main] INFO  StepDefinitions.StepDefnition - sign-up username is cleared
"17:21:13.129 [main] INFO  Actions.ActionUtilities - In sendkeys action id is functioned 
"17:21:16.129 [main] INFO  StepDefinitions.StepDefnition - sign-up username is entered
"17:21:16.207 [main] INFO  Actions.ActionUtilities - In click action id is functioned 
"17:21:19.208 [main] INFO  StepDefinitions.StepDefnition - sign-up password is clicked
"17:21:19.271 [main] INFO  Actions.ActionUtilities - In clear action id is functioned 
"17:21:19.271 [main] INFO  StepDefinitions.StepDefnition - sign-up password is cleared
"17:21:19.484 [main] INFO  Actions.ActionUtilities - In sendkeys action id is functioned 
"17:21:22.485 [main] INFO  StepDefinitions.StepDefnition - sign-up password is entered
"17:21:22.567 [main] INFO  Actions.ActionUtilities - In click action xpath is functioned 
"17:21:25.568 [main] INFO  StepDefinitions.StepDefnition - sign-up button is clicked
"17:21:28.579 [main] INFO  StepDefinitions.StepDefnition - sign-in session ended
"17:21:28.583 [main] INFO  StepDefinitions.StepDefnition - Log-in started
"17:21:28.649 [main] INFO  Actions.ActionUtilities - In click action id is functioned 
"17:21:28.650 [main] INFO  StepDefinitions.StepDefnition - log-in link is clicked
"17:21:28.705 [main] ERROR Actions.ActionUtilities - In click action id is not functioned 
"17:21:28.706 [main] INFO  Actions.ActionUtilities - In click action id is functioned 
"17:21:31.706 [main] INFO  StepDefinitions.StepDefnition - log-in username is clicked
"17:21:31.776 [main] INFO  Actions.ActionUtilities - In clear action id is functioned 
"17:21:34.777 [main] INFO  StepDefinitions.StepDefnition - log-in username is cleared
"17:21:35.086 [main] INFO  Actions.ActionUtilities - In sendkeys action id is functioned 
"17:21:38.087 [main] INFO  StepDefinitions.StepDefnition - log-in username is entered
"17:21:38.188 [main] INFO  Actions.ActionUtilities - In click action id is functioned 
"17:21:41.189 [main] INFO  StepDefinitions.StepDefnition - log-in password is clicked
"17:21:41.238 [main] INFO  Actions.ActionUtilities - In clear action id is functioned 
"17:21:44.239 [main] INFO  StepDefinitions.StepDefnition - log-in password is cleared
"17:21:44.505 [main] INFO  Actions.ActionUtilities - In sendkeys action id is functioned 
"17:21:47.505 [main] INFO  StepDefinitions.StepDefnition - log-in password is entered
"17:21:47.604 [main] INFO  Actions.ActionUtilities - In click action xpath is functioned 
"17:21:50.605 [main] INFO  StepDefinitions.StepDefnition - log-in button is clicked
"17:21:51.319 [main] INFO  Actions.ActionUtilities - In click action xpath is functioned 
"17:21:54.320 [main] INFO  StepDefinitions.StepDefnition - Product is selected
"17:21:54.472 [main] INFO  Actions.ActionUtilities - In click action xpath is functioned 
"17:21:57.472 [main] INFO  StepDefinitions.StepDefnition - Addcart button is clicked
"17:22:00.479 [main] INFO  StepDefinitions.StepDefnition - alert accept
"17:22:01.714 [main] INFO  Actions.ActionUtilities - In click action id is functioned 
"17:22:04.716 [main] INFO  StepDefinitions.StepDefnition - Cart link is clicked
"17:22:04.787 [main] INFO  Actions.ActionUtilities - In click action xpath is functioned 
"17:22:07.788 [main] INFO  StepDefinitions.StepDefnition - PlaceOrder button is clicked
"17:22:07.875 [main] INFO  Actions.ActionUtilities - In click action id is functioned 
"17:22:10.875 [main] INFO  StepDefinitions.StepDefnition - PlaceOrder username is clicked
"17:22:11.137 [main] INFO  Actions.ActionUtilities - In sendkeys action id is functioned 
"17:22:14.138 [main] INFO  StepDefinitions.StepDefnition - PlaceOrder username is entered
"17:22:14.223 [main] INFO  Actions.ActionUtilities - In click action id is functioned 
"17:22:17.224 [main] INFO  StepDefinitions.StepDefnition - PlaceOrder country is clicked
"17:22:17.437 [main] INFO  Actions.ActionUtilities - In sendkeys action id is functioned 
"17:22:20.438 [main] INFO  StepDefinitions.StepDefnition - PlaceOrder country is entered
"17:22:20.547 [main] INFO  Actions.ActionUtilities - In click action id is functioned 
"17:22:23.547 [main] INFO  StepDefinitions.StepDefnition - PlaceOrder city is clicked
"17:22:23.753 [main] INFO  Actions.ActionUtilities - In sendkeys action id is functioned 
"17:22:26.754 [main] INFO  StepDefinitions.StepDefnition - PlaceOrder city is entered
"17:22:26.790 [main] ERROR Actions.ActionUtilities -   click action is not functioned 
"17:22:26.790 [main] INFO  Actions.ActionUtilities -   click action is functioned 
"17:22:29.791 [main] INFO  StepDefinitions.StepDefnition - PlaceOrder creditcard is clicked
"17:22:30.070 [main] INFO  Actions.ActionUtilities - In sendkeys action id is functioned 
"17:22:33.070 [main] INFO  StepDefinitions.StepDefnition - PlaceOrder creditcard is entered
"17:22:33.160 [main] INFO  Actions.ActionUtilities - In click action id is functioned 
"17:22:36.162 [main] INFO  StepDefinitions.StepDefnition - PlaceOrder month is clicked
"17:22:36.407 [main] INFO  Actions.ActionUtilities - In sendkeys action id is functioned 
"17:22:39.407 [main] INFO  StepDefinitions.StepDefnition - PlaceOrder month is entered
"17:22:39.534 [main] INFO  Actions.ActionUtilities - In click action id is functioned 
"17:22:42.536 [main] INFO  StepDefinitions.StepDefnition - PlaceOrder year is clicked
"17:22:42.771 [main] INFO  Actions.ActionUtilities - In sendkeys action id is functioned 
"17:22:45.772 [main] INFO  StepDefinitions.StepDefnition - PlaceOrder year is entered
"17:22:45.870 [main] INFO  Actions.ActionUtilities - In click action xpath is functioned 
"17:22:48.870 [main] INFO  StepDefinitions.StepDefnition - Purchase button is clicked
"17:22:51.872 [main] INFO  StepDefinitions.StepDefnition - Product has been scheduled for shipping
"17:22:52.641 [main] INFO  Actions.ActionUtilities - In click action xpath is functioned 
"12:33:01.562 [main] INFO  StepDefinitions.StepDefnition - Browser is initialized
"12:33:03.977 [main] INFO  StepDefinitions.StepDefnition - URL is launched
"12:33:04.929 [main] INFO  StepDefinitions.StepDefnition - Sign-in started
"12:33:05.644 [main] INFO  Actions.ActionUtilities - In click action id is functioned 
"12:33:05.645 [main] INFO  StepDefinitions.StepDefnition - sign-up link is clicked
"12:33:06.045 [main] ERROR Actions.ActionUtilities - In click action id is not functioned 
"12:33:06.045 [main] INFO  Actions.ActionUtilities - In click action id is functioned 
"12:33:09.045 [main] INFO  StepDefinitions.StepDefnition - sign-up username is clicked
"12:33:09.142 [main] INFO  Actions.ActionUtilities - In clear action id is functioned 
"12:33:12.143 [main] INFO  StepDefinitions.StepDefnition - sign-up username is cleared
"12:33:13.001 [main] INFO  Actions.ActionUtilities - In sendkeys action id is functioned 
"12:33:16.001 [main] INFO  StepDefinitions.StepDefnition - sign-up username is entered
"12:33:16.131 [main] INFO  Actions.ActionUtilities - In click action id is functioned 
"12:33:19.132 [main] INFO  StepDefinitions.StepDefnition - sign-up password is clicked
"12:33:19.185 [main] INFO  Actions.ActionUtilities - In clear action id is functioned 
"12:33:22.185 [main] INFO  StepDefinitions.StepDefnition - sign-up password is cleared
"12:33:22.436 [main] INFO  Actions.ActionUtilities - In sendkeys action id is functioned 
"12:33:25.437 [main] INFO  StepDefinitions.StepDefnition - sign-up password is entered
"12:33:25.550 [main] INFO  Actions.ActionUtilities - In click action xpath is functioned 
"12:33:28.551 [main] INFO  StepDefinitions.StepDefnition - sign-up button is clicked
"12:33:31.578 [main] INFO  StepDefinitions.StepDefnition - sign-in session ended
"12:33:31.583 [main] INFO  StepDefinitions.StepDefnition - Sign-in started
"12:33:31.662 [main] INFO  Actions.ActionUtilities - In click action id is functioned 
"12:33:31.662 [main] INFO  StepDefinitions.StepDefnition - sign-up link is clicked
"12:33:31.713 [main] ERROR Actions.ActionUtilities - In click action id is not functioned 
"12:33:31.713 [main] INFO  Actions.ActionUtilities - In click action id is functioned 
"12:33:34.713 [main] INFO  StepDefinitions.StepDefnition - sign-up username is clicked
"12:33:34.791 [main] INFO  Actions.ActionUtilities - In clear action id is functioned 
"12:33:37.792 [main] INFO  StepDefinitions.StepDefnition - sign-up username is cleared
"12:33:38.137 [main] INFO  Actions.ActionUtilities - In sendkeys action id is functioned 
"12:33:41.138 [main] INFO  StepDefinitions.StepDefnition - sign-up username is entered
"12:33:41.230 [main] INFO  Actions.ActionUtilities - In click action id is functioned 
"12:33:44.230 [main] INFO  StepDefinitions.StepDefnition - sign-up password is clicked
"12:33:44.297 [main] INFO  Actions.ActionUtilities - In clear action id is functioned 
"12:33:47.297 [main] INFO  StepDefinitions.StepDefnition - sign-up password is cleared
"12:33:47.560 [main] INFO  Actions.ActionUtilities - In sendkeys action id is functioned 
"12:33:50.561 [main] INFO  StepDefinitions.StepDefnition - sign-up password is entered
"12:33:50.618 [main] INFO  Actions.ActionUtilities - In click action xpath is functioned 
"12:33:53.619 [main] INFO  StepDefinitions.StepDefnition - sign-up button is clicked
"12:33:56.632 [main] INFO  StepDefinitions.StepDefnition - sign-in session ended
"12:33:56.693 [main] INFO  StepDefinitions.StepDefnition - Log-in started
"12:33:56.768 [main] INFO  Actions.ActionUtilities - In click action id is functioned 
"12:33:56.768 [main] INFO  StepDefinitions.StepDefnition - log-in link is clicked
"12:33:56.868 [main] ERROR Actions.ActionUtilities - In click action id is not functioned 
"12:33:56.868 [main] INFO  Actions.ActionUtilities - In click action id is functioned 
"12:33:59.869 [main] INFO  StepDefinitions.StepDefnition - log-in username is clicked
"12:33:59.946 [main] INFO  Actions.ActionUtilities - In clear action id is functioned 
"12:34:02.946 [main] INFO  StepDefinitions.StepDefnition - log-in username is cleared
"12:34:03.211 [main] INFO  Actions.ActionUtilities - In sendkeys action id is functioned 
"12:34:06.213 [main] INFO  StepDefinitions.StepDefnition - log-in username is entered
"12:34:06.312 [main] INFO  Actions.ActionUtilities - In click action id is functioned 
"12:34:09.313 [main] INFO  StepDefinitions.StepDefnition - log-in password is clicked
"12:34:09.383 [main] INFO  Actions.ActionUtilities - In clear action id is functioned 
"12:34:12.383 [main] INFO  StepDefinitions.StepDefnition - log-in password is cleared
"12:34:12.632 [main] INFO  Actions.ActionUtilities - In sendkeys action id is functioned 
"12:34:15.632 [main] INFO  StepDefinitions.StepDefnition - log-in password is entered
"12:34:15.770 [main] INFO  Actions.ActionUtilities - In click action xpath is functioned 
"12:34:18.772 [main] INFO  StepDefinitions.StepDefnition - log-in button is clicked
"12:34:19.490 [main] INFO  Actions.ActionUtilities - In click action id is functioned 
"12:34:22.491 [main] INFO  StepDefinitions.StepDefnition - log-out button is clicked
"12:34:22.497 [main] INFO  StepDefinitions.StepDefnition - Log-in started
"12:34:22.587 [main] INFO  Actions.ActionUtilities - In click action id is functioned 
"12:34:22.588 [main] INFO  StepDefinitions.StepDefnition - log-in link is clicked
"12:34:22.665 [main] ERROR Actions.ActionUtilities - In click action id is not functioned 
"12:34:22.665 [main] INFO  Actions.ActionUtilities - In click action id is functioned 
"12:34:25.665 [main] INFO  StepDefinitions.StepDefnition - log-in username is clicked
"12:34:25.729 [main] INFO  Actions.ActionUtilities - In clear action id is functioned 
"12:34:28.729 [main] INFO  StepDefinitions.StepDefnition - log-in username is cleared
"12:34:28.979 [main] INFO  Actions.ActionUtilities - In sendkeys action id is functioned 
"12:34:31.980 [main] INFO  StepDefinitions.StepDefnition - log-in username is entered
"12:34:32.078 [main] INFO  Actions.ActionUtilities - In click action id is functioned 
"12:34:35.078 [main] INFO  StepDefinitions.StepDefnition - log-in password is clicked
"12:34:35.123 [main] INFO  Actions.ActionUtilities - In clear action id is functioned 
"12:34:38.124 [main] INFO  StepDefinitions.StepDefnition - log-in password is cleared
"12:34:38.365 [main] INFO  Actions.ActionUtilities - In sendkeys action id is functioned 
"12:34:41.367 [main] INFO  StepDefinitions.StepDefnition - log-in password is entered
"12:34:41.446 [main] INFO  Actions.ActionUtilities - In click action xpath is functioned 
"12:34:44.447 [main] INFO  StepDefinitions.StepDefnition - log-in button is clicked
"12:34:44.663 [main] INFO  Actions.ActionUtilities - In click action id is functioned 
"12:34:47.664 [main] INFO  StepDefinitions.StepDefnition - log-out button is clicked
"12:35:01.049 [main] INFO  StepDefinitions.StepDefnition - Sign-in started
"12:35:02.227 [main] INFO  Actions.ActionUtilities - In click action id is functioned 
"12:35:02.227 [main] INFO  StepDefinitions.StepDefnition - sign-up link is clicked
"12:35:03.263 [main] INFO  Actions.ActionUtilities - In click action id is functioned 
"12:35:06.264 [main] INFO  StepDefinitions.StepDefnition - sign-up username is clicked
"12:35:06.313 [main] INFO  Actions.ActionUtilities - In clear action id is functioned 
"12:35:09.313 [main] INFO  StepDefinitions.StepDefnition - sign-up username is cleared
"12:35:09.597 [main] INFO  Actions.ActionUtilities - In sendkeys action id is functioned 
"12:35:12.597 [main] INFO  StepDefinitions.StepDefnition - sign-up username is entered
"12:35:12.715 [main] INFO  Actions.ActionUtilities - In click action id is functioned 
"12:35:15.715 [main] INFO  StepDefinitions.StepDefnition - sign-up password is clicked
"12:35:15.759 [main] INFO  Actions.ActionUtilities - In clear action id is functioned 
"12:35:15.759 [main] INFO  StepDefinitions.StepDefnition - sign-up password is cleared
"12:35:15.975 [main] INFO  Actions.ActionUtilities - In sendkeys action id is functioned 
"12:35:18.976 [main] INFO  StepDefinitions.StepDefnition - sign-up password is entered
"12:35:19.071 [main] INFO  Actions.ActionUtilities - In click action xpath is functioned 
"12:35:22.071 [main] INFO  StepDefinitions.StepDefnition - sign-up button is clicked
"12:35:25.091 [main] INFO  StepDefinitions.StepDefnition - sign-in session ended
"12:35:25.097 [main] INFO  StepDefinitions.StepDefnition - Log-in started
"12:35:25.186 [main] INFO  Actions.ActionUtilities - In click action id is functioned 
"12:35:25.187 [main] INFO  StepDefinitions.StepDefnition - log-in link is clicked
"12:35:25.256 [main] ERROR Actions.ActionUtilities - In click action id is not functioned 
"12:35:25.257 [main] INFO  Actions.ActionUtilities - In click action id is functioned 
"12:35:28.258 [main] INFO  StepDefinitions.StepDefnition - log-in username is clicked
"12:35:28.332 [main] INFO  Actions.ActionUtilities - In clear action id is functioned 
"12:35:31.333 [main] INFO  StepDefinitions.StepDefnition - log-in username is cleared
"12:35:31.635 [main] INFO  Actions.ActionUtilities - In sendkeys action id is functioned 
"12:35:34.635 [main] INFO  StepDefinitions.StepDefnition - log-in username is entered
"12:35:34.729 [main] INFO  Actions.ActionUtilities - In click action id is functioned 
"12:35:37.731 [main] INFO  StepDefinitions.StepDefnition - log-in password is clicked
"12:35:37.795 [main] INFO  Actions.ActionUtilities - In clear action id is functioned 
"12:35:40.795 [main] INFO  StepDefinitions.StepDefnition - log-in password is cleared
"12:35:41.096 [main] INFO  Actions.ActionUtilities - In sendkeys action id is functioned 
"12:35:44.096 [main] INFO  StepDefinitions.StepDefnition - log-in password is entered
"12:35:44.197 [main] INFO  Actions.ActionUtilities - In click action xpath is functioned 
"12:35:47.198 [main] INFO  StepDefinitions.StepDefnition - log-in button is clicked
"12:35:47.871 [main] INFO  Actions.ActionUtilities - In click action xpath is functioned 
"12:35:50.873 [main] INFO  StepDefinitions.StepDefnition - Product is selected
"12:35:51.030 [main] INFO  Actions.ActionUtilities - In click action xpath is functioned 
"12:35:54.030 [main] INFO  StepDefinitions.StepDefnition - Addcart button is clicked
"12:35:57.050 [main] INFO  StepDefinitions.StepDefnition - alert accept
"12:35:58.304 [main] INFO  Actions.ActionUtilities - In click action id is functioned 
"12:36:01.304 [main] INFO  StepDefinitions.StepDefnition - Cart link is clicked
"12:36:01.386 [main] INFO  Actions.ActionUtilities - In click action xpath is functioned 
"12:36:04.388 [main] INFO  StepDefinitions.StepDefnition - PlaceOrder button is clicked
"12:36:04.575 [main] INFO  Actions.ActionUtilities - In click action id is functioned 
"12:36:07.575 [main] INFO  StepDefinitions.StepDefnition - PlaceOrder username is clicked
"12:36:07.830 [main] INFO  Actions.ActionUtilities - In sendkeys action id is functioned 
"12:36:10.831 [main] INFO  StepDefinitions.StepDefnition - PlaceOrder username is entered
"12:36:10.933 [main] INFO  Actions.ActionUtilities - In click action id is functioned 
"12:36:13.933 [main] INFO  StepDefinitions.StepDefnition - PlaceOrder country is clicked
"12:36:14.231 [main] INFO  Actions.ActionUtilities - In sendkeys action id is functioned 
"12:36:17.231 [main] INFO  StepDefinitions.StepDefnition - PlaceOrder country is entered
"12:36:17.320 [main] INFO  Actions.ActionUtilities - In click action id is functioned 
"12:36:20.320 [main] INFO  StepDefinitions.StepDefnition - PlaceOrder city is clicked
"12:36:20.568 [main] INFO  Actions.ActionUtilities - In sendkeys action id is functioned 
"12:36:23.568 [main] INFO  StepDefinitions.StepDefnition - PlaceOrder city is entered
"12:36:23.590 [main] ERROR Actions.ActionUtilities -   click action is not functioned 
"12:36:23.591 [main] INFO  Actions.ActionUtilities -   click action is functioned 
"12:36:26.591 [main] INFO  StepDefinitions.StepDefnition - PlaceOrder creditcard is clicked
"12:36:26.898 [main] INFO  Actions.ActionUtilities - In sendkeys action id is functioned 
"12:36:29.899 [main] INFO  StepDefinitions.StepDefnition - PlaceOrder creditcard is entered
"12:36:29.980 [main] INFO  Actions.ActionUtilities - In click action id is functioned 
"12:36:32.980 [main] INFO  StepDefinitions.StepDefnition - PlaceOrder month is clicked
"12:36:33.266 [main] INFO  Actions.ActionUtilities - In sendkeys action id is functioned 
"12:36:36.266 [main] INFO  StepDefinitions.StepDefnition - PlaceOrder month is entered
"12:36:36.353 [main] INFO  Actions.ActionUtilities - In click action id is functioned 
"12:36:39.354 [main] INFO  StepDefinitions.StepDefnition - PlaceOrder year is clicked
"12:36:39.597 [main] INFO  Actions.ActionUtilities - In sendkeys action id is functioned 
"12:36:42.599 [main] INFO  StepDefinitions.StepDefnition - PlaceOrder year is entered
"12:36:42.784 [main] INFO  Actions.ActionUtilities - In click action xpath is functioned 
"12:36:45.785 [main] INFO  StepDefinitions.StepDefnition - Purchase button is clicked
"12:36:48.833 [main] INFO  StepDefinitions.StepDefnition - Product has been scheduled for shipping
"12:36:49.564 [main] INFO  Actions.ActionUtilities - In click action xpath is functioned 
"12:55:59.926 [main] INFO  StepDefinitions.StepDefnition - Browser is initialized
"12:56:04.556 [main] INFO  StepDefinitions.StepDefnition - URL is launched
"12:56:04.823 [main] INFO  StepDefinitions.StepDefnition - Sign-in started
"12:56:05.257 [main] INFO  Actions.ActionUtilities - In click action id is functioned 
"12:56:05.257 [main] INFO  StepDefinitions.StepDefnition - sign-up link is clicked
"12:56:05.374 [main] ERROR Actions.ActionUtilities - In click action id is not functioned 
"12:56:05.375 [main] INFO  Actions.ActionUtilities - In click action id is functioned 
"12:56:14.057 [main] INFO  StepDefinitions.StepDefnition - Sign-in started
"12:56:14.539 [main] INFO  Actions.ActionUtilities - In click action id is functioned 
"12:56:14.540 [main] INFO  StepDefinitions.StepDefnition - sign-up link is clicked
"12:56:14.612 [main] ERROR Actions.ActionUtilities - In click action id is not functioned 
"12:56:14.612 [main] INFO  Actions.ActionUtilities - In click action id is functioned 
"12:57:50.363 [main] INFO  StepDefinitions.StepDefnition - Browser is initialized
"12:57:53.407 [main] INFO  StepDefinitions.StepDefnition - URL is launched
"12:58:01.869 [main] INFO  StepDefinitions.StepDefnition - Sign-in started
"12:58:02.113 [main] INFO  Actions.ActionUtilities - In click action id is functioned 
"12:58:02.114 [main] INFO  StepDefinitions.StepDefnition - sign-up link is clicked
"12:58:02.180 [main] ERROR Actions.ActionUtilities - In click action id is not functioned 
"12:58:02.181 [main] INFO  Actions.ActionUtilities - In click action id is functioned 
"12:59:27.809 [main] INFO  StepDefinitions.StepDefnition - Browser is initialized
"12:59:31.880 [main] INFO  StepDefinitions.StepDefnition - URL is launched
"12:59:41.019 [main] INFO  StepDefinitions.StepDefnition - Sign-in started
"12:59:41.174 [main] INFO  Actions.ActionUtilities - In click action id is functioned 
"12:59:41.174 [main] INFO  StepDefinitions.StepDefnition - sign-up link is clicked
"12:59:41.241 [main] ERROR Actions.ActionUtilities - In click action id is not functioned 
"12:59:41.242 [main] INFO  Actions.ActionUtilities - In click action id is functioned 
"13:01:15.373 [main] INFO  StepDefinitions.StepDefnition - Browser is initialized
"13:01:18.576 [main] INFO  StepDefinitions.StepDefnition - URL is launched
"13:01:18.832 [main] INFO  StepDefinitions.StepDefnition - Sign-in started
"13:01:18.987 [main] INFO  Actions.ActionUtilities - In click action id is functioned 
"13:01:18.988 [main] INFO  StepDefinitions.StepDefnition - sign-up link is clicked
"13:01:19.068 [main] ERROR Actions.ActionUtilities - In click action id is not functioned 
"13:01:19.068 [main] INFO  Actions.ActionUtilities - In click action id is functioned 
"13:01:27.573 [main] INFO  StepDefinitions.StepDefnition - Sign-in started
"13:01:27.889 [main] INFO  Actions.ActionUtilities - In click action id is functioned 
"13:01:27.889 [main] INFO  StepDefinitions.StepDefnition - sign-up link is clicked
"13:01:27.963 [main] ERROR Actions.ActionUtilities - In click action id is not functioned 
"13:01:27.963 [main] INFO  Actions.ActionUtilities - In click action id is functioned 
"13:02:40.080 [main] INFO  StepDefinitions.StepDefnition - Browser is initialized
"13:02:43.558 [main] INFO  StepDefinitions.StepDefnition - URL is launched
"13:02:43.774 [main] INFO  StepDefinitions.StepDefnition - Sign-in started
"13:02:43.868 [main] INFO  Actions.ActionUtilities - In click action id is functioned 
"13:02:43.869 [main] INFO  StepDefinitions.StepDefnition - sign-up link is clicked
"13:02:43.934 [main] ERROR Actions.ActionUtilities - In click action id is not functioned 
"13:02:43.934 [main] INFO  Actions.ActionUtilities - In click action id is functioned 
"13:02:52.312 [main] INFO  StepDefinitions.StepDefnition - Sign-in started
"13:02:52.448 [main] INFO  Actions.ActionUtilities - In click action id is functioned 
"13:02:52.448 [main] INFO  StepDefinitions.StepDefnition - sign-up link is clicked
"13:02:52.513 [main] ERROR Actions.ActionUtilities - In click action id is not functioned 
"13:02:52.514 [main] INFO  Actions.ActionUtilities - In click action id is functioned 
"13:09:38.977 [main] INFO  StepDefinitions.StepDefnition - Browser is initialized
"13:09:42.497 [main] INFO  StepDefinitions.StepDefnition - URL is launched
"13:09:42.716 [main] INFO  StepDefinitions.StepDefnition - Sign-in started
"13:09:42.824 [main] INFO  Actions.ActionUtilities - In click action id is functioned 
"13:09:42.824 [main] INFO  StepDefinitions.StepDefnition - sign-up link is clicked
"13:09:42.920 [main] ERROR Actions.ActionUtilities - In click action id is not functioned 
"13:09:43.013 [main] INFO  Actions.ActionUtilities - In click action id is functioned 
"13:09:50.520 [main] INFO  StepDefinitions.StepDefnition - Sign-in started
"13:09:51.447 [main] INFO  Actions.ActionUtilities - In click action id is functioned 
"13:09:51.448 [main] INFO  StepDefinitions.StepDefnition - sign-up link is clicked
"13:09:51.555 [main] ERROR Actions.ActionUtilities - In click action id is not functioned 
"13:09:51.555 [main] INFO  Actions.ActionUtilities - In click action id is functioned 
"13:16:58.391 [main] INFO  StepDefinitions.StepDefnition - Browser is initialized
"13:17:02.154 [main] INFO  StepDefinitions.StepDefnition - URL is launched
"13:17:02.922 [main] INFO  StepDefinitions.StepDefnition - Sign-in started
"13:17:03.149 [main] INFO  Actions.ActionUtilities - In click action id is functioned 
"13:17:03.150 [main] INFO  StepDefinitions.StepDefnition - sign-up link is clicked
"13:17:03.637 [main] INFO  Actions.ActionUtilities - In click action id is functioned 
"13:17:03.638 [main] INFO  StepDefinitions.StepDefnition - sign-up username is clicked
"13:17:04.034 [main] INFO  Actions.ActionUtilities - In clear action id is functioned 
"13:17:04.034 [main] INFO  StepDefinitions.StepDefnition - sign-up username is cleared
"13:17:04.452 [main] INFO  Actions.ActionUtilities - In sendkeys action id is functioned 
"13:17:04.452 [main] INFO  StepDefinitions.StepDefnition - sign-up username is entered
"13:17:04.558 [main] INFO  Actions.ActionUtilities - In click action id is functioned 
"13:17:13.897 [main] INFO  StepDefinitions.StepDefnition - Sign-in started
"13:17:14.142 [main] INFO  Actions.ActionUtilities - In click action id is functioned 
"13:17:14.142 [main] INFO  StepDefinitions.StepDefnition - sign-up link is clicked
"13:17:14.237 [main] ERROR Actions.ActionUtilities - In click action id is not functioned 
"13:17:14.237 [main] INFO  Actions.ActionUtilities - In click action id is functioned 
"13:18:18.102 [main] INFO  StepDefinitions.StepDefnition - Browser is initialized
"13:18:20.495 [main] INFO  StepDefinitions.StepDefnition - URL is launched
"13:18:20.882 [main] INFO  StepDefinitions.StepDefnition - Sign-in started
"13:18:21.018 [main] INFO  Actions.ActionUtilities - In click action id is functioned 
"13:18:21.018 [main] INFO  StepDefinitions.StepDefnition - sign-up link is clicked
"13:18:21.296 [main] INFO  Actions.ActionUtilities - In click action id is functioned 
"13:18:21.297 [main] INFO  StepDefinitions.StepDefnition - sign-up username is clicked
"13:18:21.746 [main] INFO  Actions.ActionUtilities - In clear action id is functioned 
"13:18:21.747 [main] INFO  StepDefinitions.StepDefnition - sign-up username is cleared
"13:18:22.187 [main] INFO  Actions.ActionUtilities - In sendkeys action id is functioned 
"13:18:22.187 [main] INFO  StepDefinitions.StepDefnition - sign-up username is entered
"13:18:22.295 [main] INFO  Actions.ActionUtilities - In click action id is functioned 
"13:18:22.296 [main] INFO  StepDefinitions.StepDefnition - sign-up password is clicked
"13:18:22.364 [main] INFO  Actions.ActionUtilities - In clear action id is functioned 
"13:18:22.364 [main] INFO  StepDefinitions.StepDefnition - sign-up password is cleared
"13:18:22.602 [main] INFO  Actions.ActionUtilities - In sendkeys action id is functioned 
"13:18:22.603 [main] INFO  StepDefinitions.StepDefnition - sign-up password is entered
"13:18:22.694 [main] INFO  Actions.ActionUtilities - In click action xpath is functioned 
"13:18:22.694 [main] INFO  StepDefinitions.StepDefnition - sign-up button is clicked
"13:18:30.211 [main] INFO  StepDefinitions.StepDefnition - Sign-in started
"13:18:30.700 [main] INFO  Actions.ActionUtilities - In click action id is functioned 
"13:18:30.700 [main] INFO  StepDefinitions.StepDefnition - sign-up link is clicked
"13:18:30.768 [main] ERROR Actions.ActionUtilities - In click action id is not functioned 
"13:18:30.768 [main] INFO  Actions.ActionUtilities - In click action id is functioned 
"